# JRE version: Java(TM) SE Runtime Environment (8.0_91-b15) (build 1.8.0_91-b15)
# Java VM: Java HotSpot(TM) Client VM (25.91-b15 mixed mode, sharing windows-x86 )
Heap:
 def new generation   total 7744K, used 6269K [0x04400000, 0x04c60000, 0x09950000)
  eden space 6912K,  90% used [0x04400000, 0x04a19048, 0x04ac0000)
  from space 832K,   3% used [0x04b90000, 0x04b96410, 0x04c60000)
  to   space 832K,   0% used [0x04ac0000, 0x04ac0000, 0x04b90000)
 tenured generation   total 17116K, used 13718K [0x09950000, 0x0aa07000, 0x14400000)
   the space 17116K,  80% used [0x09950000, 0x0a6b59b0, 0x0a6b5a00, 0x0aa07000)
 Metaspace       used 298K, capacity 2493K, committed 2624K, reserved 4480K
GC Heap History (10 events):
Event: 19.283 GC heap before
{Heap before GC invocations=60 (full 17):
 def new generation   total 7744K, used 6912K [0x04400000, 0x04c60000, 0x09950000)
  eden space 6912K, 100% used [0x04400000, 0x04ac0000, 0x04ac0000)
  from space 832K,   0% used [0x04ac0000, 0x04ac0020, 0x04b90000)
  to   space 832K,   0% used [0x04b90000, 0x04b90000, 0x04c60000)
 tenured generation   total 17116K, used 7525K [0x09950000, 0x0aa07000, 0x14400000)
   the space 17116K,  43% used [0x09950000, 0x0a0a96d0, 0x0a0a9800, 0x0aa07000)
 Metaspace       used 289K, capacity 2485K, committed 2624K, reserved 4480K
Event: 19.286 GC heap after
Heap after GC invocations=61 (full 17):
 def new generation   total 7744K, used 5K [0x04400000, 0x04c60000, 0x09950000)
  eden space 6912K,   0% used [0x04400000, 0x04400000, 0x04ac0000)
  from space 832K,   0% used [0x04b90000, 0x04b915c8, 0x04c60000)
  to   space 832K,   0% used [0x04ac0000, 0x04ac0000, 0x04b90000)
 tenured generation   total 17116K, used 13718K [0x09950000, 0x0aa07000, 0x14400000)
   the space 17116K,  80% used [0x09950000, 0x0a6b59b0, 0x0a6b5a00, 0x0aa07000)
 Metaspace       used 289K, capacity 2485K, committed 2624K, reserved 4480K
}
Event: 12201.660 GC heap before
{Heap before GC invocations=61 (full 17):
 def new generation   total 7744K, used 6808K [0x04400000, 0x04c60000, 0x09950000)
  eden space 6912K,  98% used [0x04400000, 0x04aa4c98, 0x04ac0000)
  from space 832K,   0% used [0x04b90000, 0x04b915c8, 0x04c60000)
  to   space 832K,   0% used [0x04ac0000, 0x04ac0000, 0x04b90000)
 tenured generation   total 17116K, used 13718K [0x09950000, 0x0aa07000, 0x14400000)
   the space 17116K,  80% used [0x09950000, 0x0a6b59b0, 0x0a6b5a00, 0x0aa07000)
 Metaspace       used 298K, capacity 2493K, committed 2624K, reserved 4480K
Event: 12201.751 GC heap after
Heap after GC invocations=62 (full 17):
 def new generation   total 7744K, used 25K [0x04400000, 0x04c60000, 0x09950000)
  eden space 6912K,   0% used [0x04400000, 0x04400000, 0x04ac0000)
  from space 832K,   3% used [0x04ac0000, 0x04ac64d8, 0x04b90000)
  to   space 832K,   0% used [0x04b90000, 0x04b90000, 0x04c60000)
 tenured generation   total 17116K, used 13718K [0x09950000, 0x0aa07000, 0x14400000)
   the space 17116K,  80% used [0x09950000, 0x0a6b59b0, 0x0a6b5a00, 0x0aa07000)
 Metaspace       used 298K, capacity 2493K, committed 2624K, reserved 4480K
}
Event: 12276.427 GC heap before
{Heap before GC invocations=62 (full 17):
 def new generation   total 7744K, used 6628K [0x04400000, 0x04c60000, 0x09950000)
  eden space 6912K,  95% used [0x04400000, 0x04a72e80, 0x04ac0000)
  from space 832K,   3% used [0x04ac0000, 0x04ac64d8, 0x04b90000)
  to   space 832K,   0% used [0x04b90000, 0x04b90000, 0x04c60000)
 tenured generation   total 17116K, used 13718K [0x09950000, 0x0aa07000, 0x14400000)
   the space 17116K,  80% used [0x09950000, 0x0a6b59b0, 0x0a6b5a00, 0x0aa07000)
 Metaspace       used 298K, capacity 2493K, committed 2624K, reserved 4480K
Event: 12276.429 GC heap after
Heap after GC invocations=63 (full 17):
 def new generation   total 7744K, used 24K [0x04400000, 0x04c60000, 0x09950000)
  eden space 6912K,   0% used [0x04400000, 0x04400000, 0x04ac0000)
  from space 832K,   2% used [0x04b90000, 0x04b963c0, 0x04c60000)
  to   space 832K,   0% used [0x04ac0000, 0x04ac0000, 0x04b90000)
 tenured generation   total 17116K, used 13718K [0x09950000, 0x0aa07000, 0x14400000)
   the space 17116K,  80% used [0x09950000, 0x0a6b59b0, 0x0a6b5a00, 0x0aa07000)
 Metaspace       used 298K, capacity 2493K, committed 2624K, reserved 4480K
}
Event: 12359.471 GC heap before
{Heap before GC invocations=63 (full 17):
 def new generation   total 7744K, used 6626K [0x04400000, 0x04c60000, 0x09950000)
  eden space 6912K,  95% used [0x04400000, 0x04a72690, 0x04ac0000)
  from space 832K,   2% used [0x04b90000, 0x04b963c0, 0x04c60000)
  to   space 832K,   0% used [0x04ac0000, 0x04ac0000, 0x04b90000)
 tenured generation   total 17116K, used 13718K [0x09950000, 0x0aa07000, 0x14400000)
   the space 17116K,  80% used [0x09950000, 0x0a6b59b0, 0x0a6b5a00, 0x0aa07000)
 Metaspace       used 298K, capacity 2493K, committed 2624K, reserved 4480K
Event: 12359.472 GC heap after
Heap after GC invocations=64 (full 17):
 def new generation   total 7744K, used 25K [0x04400000, 0x04c60000, 0x09950000)
  eden space 6912K,   0% used [0x04400000, 0x04400000, 0x04ac0000)
  from space 832K,   3% used [0x04ac0000, 0x04ac6410, 0x04b90000)
  to   space 832K,   0% used [0x04b90000, 0x04b90000, 0x04c60000)
 tenured generation   total 17116K, used 13718K [0x09950000, 0x0aa07000, 0x14400000)
   the space 17116K,  80% used [0x09950000, 0x0a6b59b0, 0x0a6b5a00, 0x0aa07000)
 Metaspace       used 298K, capacity 2493K, committed 2624K, reserved 4480K
}
Event: 12482.816 GC heap before
{Heap before GC invocations=64 (full 17):
 def new generation   total 7744K, used 6675K [0x04400000, 0x04c60000, 0x09950000)
  eden space 6912K,  96% used [0x04400000, 0x04a7e8e0, 0x04ac0000)
  from space 832K,   3% used [0x04ac0000, 0x04ac6410, 0x04b90000)
  to   space 832K,   0% used [0x04b90000, 0x04b90000, 0x04c60000)
 tenured generation   total 17116K, used 13718K [0x09950000, 0x0aa07000, 0x14400000)
   the space 17116K,  80% used [0x09950000, 0x0a6b59b0, 0x0a6b5a00, 0x0aa07000)
 Metaspace       used 298K, capacity 2493K, committed 2624K, reserved 4480K
Event: 12482.818 GC heap after
Heap after GC invocations=65 (full 17):
 def new generation   total 7744K, used 25K [0x04400000, 0x04c60000, 0x09950000)
  eden space 6912K,   0% used [0x04400000, 0x04400000, 0x04ac0000)
  from space 832K,   3% used [0x04b90000, 0x04b96410, 0x04c60000)
  to   space 832K,   0% used [0x04ac0000, 0x04ac0000, 0x04b90000)
 tenured generation   total 17116K, used 13718K [0x09950000, 0x0aa07000, 0x14400000)
   the space 17116K,  80% used [0x09950000, 0x0a6b59b0, 0x0a6b5a00, 0x0aa07000)
 Metaspace       used 298K, capacity 2493K, committed 2624K, reserved 4480K
}

